Analysis & Synthesis report for stopwatch
Sat Nov 02 16:30:44 2019
Quartus Prime Version 18.1.0 Build 625 09/12/2018 SJ Lite Edition


---------------------
; Table of Contents ;
---------------------
  1. Legal Notice
  2. Analysis & Synthesis Summary
  3. Analysis & Synthesis Settings
  4. Parallel Compilation
  5. Analysis & Synthesis Source Files Read
  6. Analysis & Synthesis Resource Usage Summary
  7. Analysis & Synthesis Resource Utilization by Entity
  8. Registers Removed During Synthesis
  9. Removed Registers Triggering Further Register Optimizations
 10. General Register Statistics
 11. Inverted Register Statistics
 12. Multiplexer Restructuring Statistics (Restructuring Performed)
 13. Parameter Settings for User Entity Instance: stopwatch_01:inst
 14. Parameter Settings for Inferred Entity Instance: stopwatch_01:inst|lpm_divide:Mod0
 15. Parameter Settings for Inferred Entity Instance: stopwatch_01:inst|lpm_divide:Div0
 16. Parameter Settings for Inferred Entity Instance: stopwatch_01:inst|lpm_divide:Mod1
 17. Parameter Settings for Inferred Entity Instance: stopwatch_01:inst|lpm_divide:Div1
 18. Parameter Settings for Inferred Entity Instance: stopwatch_01:inst|lpm_divide:Mod2
 19. Parameter Settings for Inferred Entity Instance: stopwatch_01:inst|lpm_divide:Div2
 20. Parameter Settings for Inferred Entity Instance: stopwatch_01:inst|lpm_divide:Mod3
 21. Parameter Settings for Inferred Entity Instance: stopwatch_01:inst|lpm_divide:Div3
 22. Parameter Settings for Inferred Entity Instance: stopwatch_01:inst|lpm_divide:Mod4
 23. Parameter Settings for Inferred Entity Instance: stopwatch_01:inst|lpm_divide:Div4
 24. Parameter Settings for Inferred Entity Instance: stopwatch_01:inst|lpm_divide:Mod5
 25. Post-Synthesis Netlist Statistics for Top Partition
 26. Elapsed Time Per Partition
 27. Analysis & Synthesis Messages
 28. Analysis & Synthesis Suppressed Messages



----------------
; Legal Notice ;
----------------
Copyright (C) 2018  Intel Corporation. All rights reserved.
Your use of Intel Corporation's design tools, logic functions 
and other software and tools, and its AMPP partner logic 
functions, and any output files from any of the foregoing 
(including device programming or simulation files), and any 
associated documentation or information are expressly subject 
to the terms and conditions of the Intel Program License 
Subscription Agreement, the Intel Quartus Prime License Agreement,
the Intel FPGA IP License Agreement, or other applicable license
agreement, including, without limitation, that your use is for
the sole purpose of programming logic devices manufactured by
Intel and sold by Intel or its authorized distributors.  Please
refer to the applicable agreement for further details.



+-------------------------------------------------------------------------------+
; Analysis & Synthesis Summary                                                  ;
+---------------------------------+---------------------------------------------+
; Analysis & Synthesis Status     ; Successful - Sat Nov 02 16:30:43 2019       ;
; Quartus Prime Version           ; 18.1.0 Build 625 09/12/2018 SJ Lite Edition ;
; Revision Name                   ; stopwatch                                   ;
; Top-level Entity Name           ; stopwatch                                   ;
; Family                          ; Cyclone V                                   ;
; Logic utilization (in ALMs)     ; N/A                                         ;
; Total registers                 ; 210                                         ;
; Total pins                      ; 47                                          ;
; Total virtual pins              ; 0                                           ;
; Total block memory bits         ; 0                                           ;
; Total DSP Blocks                ; 0                                           ;
; Total HSSI RX PCSs              ; 0                                           ;
; Total HSSI PMA RX Deserializers ; 0                                           ;
; Total HSSI TX PCSs              ; 0                                           ;
; Total HSSI PMA TX Serializers   ; 0                                           ;
; Total PLLs                      ; 0                                           ;
; Total DLLs                      ; 0                                           ;
+---------------------------------+---------------------------------------------+


+---------------------------------------------------------------------------------------------------------------------------+
; Analysis & Synthesis Settings                                                                                             ;
+---------------------------------------------------------------------------------+--------------------+--------------------+
; Option                                                                          ; Setting            ; Default Value      ;
+---------------------------------------------------------------------------------+--------------------+--------------------+
; Device                                                                          ; 5CSEMA5F31C6       ;                    ;
; Top-level entity name                                                           ; stopwatch          ; stopwatch          ;
; Family name                                                                     ; Cyclone V          ; Cyclone V          ;
; Use smart compilation                                                           ; Off                ; Off                ;
; Enable parallel Assembler and Timing Analyzer during compilation                ; On                 ; On                 ;
; Enable compact report table                                                     ; Off                ; Off                ;
; Restructure Multiplexers                                                        ; Auto               ; Auto               ;
; MLAB Add Timing Constraints For Mixed-Port Feed-Through Mode Setting Don't Care ; Off                ; Off                ;
; Create Debugging Nodes for IP Cores                                             ; Off                ; Off                ;
; Preserve fewer node names                                                       ; On                 ; On                 ;
; Intel FPGA IP Evaluation Mode                                                   ; Enable             ; Enable             ;
; Verilog Version                                                                 ; Verilog_2001       ; Verilog_2001       ;
; VHDL Version                                                                    ; VHDL_1993          ; VHDL_1993          ;
; State Machine Processing                                                        ; Auto               ; Auto               ;
; Safe State Machine                                                              ; Off                ; Off                ;
; Extract Verilog State Machines                                                  ; On                 ; On                 ;
; Extract VHDL State Machines                                                     ; On                 ; On                 ;
; Ignore Verilog initial constructs                                               ; Off                ; Off                ;
; Iteration limit for constant Verilog loops                                      ; 5000               ; 5000               ;
; Iteration limit for non-constant Verilog loops                                  ; 250                ; 250                ;
; Add Pass-Through Logic to Inferred RAMs                                         ; On                 ; On                 ;
; Infer RAMs from Raw Logic                                                       ; On                 ; On                 ;
; Parallel Synthesis                                                              ; On                 ; On                 ;
; DSP Block Balancing                                                             ; Auto               ; Auto               ;
; NOT Gate Push-Back                                                              ; On                 ; On                 ;
; Power-Up Don't Care                                                             ; On                 ; On                 ;
; Remove Redundant Logic Cells                                                    ; Off                ; Off                ;
; Remove Duplicate Registers                                                      ; On                 ; On                 ;
; Ignore CARRY Buffers                                                            ; Off                ; Off                ;
; Ignore CASCADE Buffers                                                          ; Off                ; Off                ;
; Ignore GLOBAL Buffers                                                           ; Off                ; Off                ;
; Ignore ROW GLOBAL Buffers                                                       ; Off                ; Off                ;
; Ignore LCELL Buffers                                                            ; Off                ; Off                ;
; Ignore SOFT Buffers                                                             ; On                 ; On                 ;
; Limit AHDL Integers to 32 Bits                                                  ; Off                ; Off                ;
; Optimization Technique                                                          ; Balanced           ; Balanced           ;
; Carry Chain Length                                                              ; 70                 ; 70                 ;
; Auto Carry Chains                                                               ; On                 ; On                 ;
; Auto Open-Drain Pins                                                            ; On                 ; On                 ;
; Perform WYSIWYG Primitive Resynthesis                                           ; Off                ; Off                ;
; Auto ROM Replacement                                                            ; On                 ; On                 ;
; Auto RAM Replacement                                                            ; On                 ; On                 ;
; Auto DSP Block Replacement                                                      ; On                 ; On                 ;
; Auto Shift Register Replacement                                                 ; Auto               ; Auto               ;
; Allow Shift Register Merging across Hierarchies                                 ; Auto               ; Auto               ;
; Auto Clock Enable Replacement                                                   ; On                 ; On                 ;
; Strict RAM Replacement                                                          ; Off                ; Off                ;
; Allow Synchronous Control Signals                                               ; On                 ; On                 ;
; Force Use of Synchronous Clear Signals                                          ; Off                ; Off                ;
; Auto Resource Sharing                                                           ; Off                ; Off                ;
; Allow Any RAM Size For Recognition                                              ; Off                ; Off                ;
; Allow Any ROM Size For Recognition                                              ; Off                ; Off                ;
; Allow Any Shift Register Size For Recognition                                   ; Off                ; Off                ;
; Use LogicLock Constraints during Resource Balancing                             ; On                 ; On                 ;
; Ignore translate_off and synthesis_off directives                               ; Off                ; Off                ;
; Timing-Driven Synthesis                                                         ; On                 ; On                 ;
; Report Parameter Settings                                                       ; On                 ; On                 ;
; Report Source Assignments                                                       ; On                 ; On                 ;
; Report Connectivity Checks                                                      ; On                 ; On                 ;
; Ignore Maximum Fan-Out Assignments                                              ; Off                ; Off                ;
; Synchronization Register Chain Length                                           ; 3                  ; 3                  ;
; Power Optimization During Synthesis                                             ; Normal compilation ; Normal compilation ;
; HDL message level                                                               ; Level2             ; Level2             ;
; Suppress Register Optimization Related Messages                                 ; Off                ; Off                ;
; Number of Removed Registers Reported in Synthesis Report                        ; 5000               ; 5000               ;
; Number of Swept Nodes Reported in Synthesis Report                              ; 5000               ; 5000               ;
; Number of Inverted Registers Reported in Synthesis Report                       ; 100                ; 100                ;
; Clock MUX Protection                                                            ; On                 ; On                 ;
; Auto Gated Clock Conversion                                                     ; Off                ; Off                ;
; Block Design Naming                                                             ; Auto               ; Auto               ;
; SDC constraint protection                                                       ; Off                ; Off                ;
; Synthesis Effort                                                                ; Auto               ; Auto               ;
; Shift Register Replacement - Allow Asynchronous Clear Signal                    ; On                 ; On                 ;
; Pre-Mapping Resynthesis Optimization                                            ; Off                ; Off                ;
; Analysis & Synthesis Message Level                                              ; Medium             ; Medium             ;
; Disable Register Merging Across Hierarchies                                     ; Auto               ; Auto               ;
; Resource Aware Inference For Block RAM                                          ; On                 ; On                 ;
; Automatic Parallel Synthesis                                                    ; On                 ; On                 ;
; Partial Reconfiguration Bitstream ID                                            ; Off                ; Off                ;
+---------------------------------------------------------------------------------+--------------------+--------------------+


+------------------------------------------+
; Parallel Compilation                     ;
+----------------------------+-------------+
; Processors                 ; Number      ;
+----------------------------+-------------+
; Number detected on machine ; 8           ;
; Maximum allowed            ; 4           ;
;                            ;             ;
; Average used               ; 1.00        ;
; Maximum used               ; 4           ;
;                            ;             ;
; Usage by Processor         ; % Time Used ;
;     Processor 1            ; 100.0%      ;
;     Processor 2            ;   0.0%      ;
;     Processor 3            ;   0.0%      ;
;     Processor 4            ;   0.0%      ;
+----------------------------+-------------+


+--------------------------------------------------------------------------------------------------------------------------------------------------------------------------------+
; Analysis & Synthesis Source Files Read                                                                                                                                         ;
+----------------------------------+-----------------+------------------------------------+----------------------------------------------------------------------------+---------+
; File Name with User-Entered Path ; Used in Netlist ; File Type                          ; File Name with Absolute Path                                               ; Library ;
+----------------------------------+-----------------+------------------------------------+----------------------------------------------------------------------------+---------+
; stopwatch.bdf                    ; yes             ; User Block Diagram/Schematic File  ; D:/ECD/Stopwatch/stopwatch.bdf                                             ;         ;
; stopwatch_01.v                   ; yes             ; User Verilog HDL File              ; D:/ECD/Stopwatch/stopwatch_01.v                                            ;         ;
; sevenseg.v                       ; yes             ; User Verilog HDL File              ; D:/ECD/Stopwatch/sevenseg.v                                                ;         ;
; lpm_divide.tdf                   ; yes             ; Megafunction                       ; c:/intelfpga_lite/18.1/quartus/libraries/megafunctions/lpm_divide.tdf      ;         ;
; abs_divider.inc                  ; yes             ; Megafunction                       ; c:/intelfpga_lite/18.1/quartus/libraries/megafunctions/abs_divider.inc     ;         ;
; sign_div_unsign.inc              ; yes             ; Megafunction                       ; c:/intelfpga_lite/18.1/quartus/libraries/megafunctions/sign_div_unsign.inc ;         ;
; aglobal181.inc                   ; yes             ; Megafunction                       ; c:/intelfpga_lite/18.1/quartus/libraries/megafunctions/aglobal181.inc      ;         ;
; db/lpm_divide_l3m.tdf            ; yes             ; Auto-Generated Megafunction        ; D:/ECD/Stopwatch/db/lpm_divide_l3m.tdf                                     ;         ;
; db/sign_div_unsign_olh.tdf       ; yes             ; Auto-Generated Megafunction        ; D:/ECD/Stopwatch/db/sign_div_unsign_olh.tdf                                ;         ;
; db/alt_u_div_mve.tdf             ; yes             ; Auto-Generated Megafunction        ; D:/ECD/Stopwatch/db/alt_u_div_mve.tdf                                      ;         ;
; db/lpm_divide_ibm.tdf            ; yes             ; Auto-Generated Megafunction        ; D:/ECD/Stopwatch/db/lpm_divide_ibm.tdf                                     ;         ;
; db/lpm_divide_lbm.tdf            ; yes             ; Auto-Generated Megafunction        ; D:/ECD/Stopwatch/db/lpm_divide_lbm.tdf                                     ;         ;
; db/sign_div_unsign_rlh.tdf       ; yes             ; Auto-Generated Megafunction        ; D:/ECD/Stopwatch/db/sign_div_unsign_rlh.tdf                                ;         ;
; db/alt_u_div_sve.tdf             ; yes             ; Auto-Generated Megafunction        ; D:/ECD/Stopwatch/db/alt_u_div_sve.tdf                                      ;         ;
; db/lpm_divide_vcm.tdf            ; yes             ; Auto-Generated Megafunction        ; D:/ECD/Stopwatch/db/lpm_divide_vcm.tdf                                     ;         ;
; db/sign_div_unsign_5nh.tdf       ; yes             ; Auto-Generated Megafunction        ; D:/ECD/Stopwatch/db/sign_div_unsign_5nh.tdf                                ;         ;
; db/alt_u_div_g2f.tdf             ; yes             ; Auto-Generated Megafunction        ; D:/ECD/Stopwatch/db/alt_u_div_g2f.tdf                                      ;         ;
; db/lpm_divide_k3m.tdf            ; yes             ; Auto-Generated Megafunction        ; D:/ECD/Stopwatch/db/lpm_divide_k3m.tdf                                     ;         ;
; db/sign_div_unsign_nlh.tdf       ; yes             ; Auto-Generated Megafunction        ; D:/ECD/Stopwatch/db/sign_div_unsign_nlh.tdf                                ;         ;
; db/alt_u_div_kve.tdf             ; yes             ; Auto-Generated Megafunction        ; D:/ECD/Stopwatch/db/alt_u_div_kve.tdf                                      ;         ;
; db/lpm_divide_2dm.tdf            ; yes             ; Auto-Generated Megafunction        ; D:/ECD/Stopwatch/db/lpm_divide_2dm.tdf                                     ;         ;
; db/sign_div_unsign_8nh.tdf       ; yes             ; Auto-Generated Megafunction        ; D:/ECD/Stopwatch/db/sign_div_unsign_8nh.tdf                                ;         ;
; db/alt_u_div_m2f.tdf             ; yes             ; Auto-Generated Megafunction        ; D:/ECD/Stopwatch/db/alt_u_div_m2f.tdf                                      ;         ;
; db/lpm_divide_5dm.tdf            ; yes             ; Auto-Generated Megafunction        ; D:/ECD/Stopwatch/db/lpm_divide_5dm.tdf                                     ;         ;
; db/sign_div_unsign_bnh.tdf       ; yes             ; Auto-Generated Megafunction        ; D:/ECD/Stopwatch/db/sign_div_unsign_bnh.tdf                                ;         ;
; db/alt_u_div_s2f.tdf             ; yes             ; Auto-Generated Megafunction        ; D:/ECD/Stopwatch/db/alt_u_div_s2f.tdf                                      ;         ;
+----------------------------------+-----------------+------------------------------------+----------------------------------------------------------------------------+---------+


+--------------------------------------------------------------+
; Analysis & Synthesis Resource Usage Summary                  ;
+---------------------------------------------+----------------+
; Resource                                    ; Usage          ;
+---------------------------------------------+----------------+
; Estimate of Logic utilization (ALMs needed) ; 2220           ;
;                                             ;                ;
; Combinational ALUT usage for logic          ; 4386           ;
;     -- 7 input functions                    ; 0              ;
;     -- 6 input functions                    ; 50             ;
;     -- 5 input functions                    ; 18             ;
;     -- 4 input functions                    ; 788            ;
;     -- <=3 input functions                  ; 3530           ;
;                                             ;                ;
; Dedicated logic registers                   ; 210            ;
;                                             ;                ;
; I/O pins                                    ; 47             ;
;                                             ;                ;
; Total DSP Blocks                            ; 0              ;
;                                             ;                ;
; Maximum fan-out node                        ; CLOCK_50~input ;
; Maximum fan-out                             ; 210            ;
; Total fan-out                               ; 13919          ;
; Average fan-out                             ; 2.97           ;
+---------------------------------------------+----------------+


+-------------------------------------------------------------------------------------------------------------------------------------------------------------------------------------------------------------------------------------------------------------------------------------------------------------------------+
; Analysis & Synthesis Resource Utilization by Entity                                                                                                                                                                                                                                                                     ;
+--------------------------------------------+---------------------+---------------------------+-------------------+------------+------+--------------+------------------------------------------------------------------------------------------------------------------------------+---------------------+--------------+
; Compilation Hierarchy Node                 ; Combinational ALUTs ; Dedicated Logic Registers ; Block Memory Bits ; DSP Blocks ; Pins ; Virtual Pins ; Full Hierarchy Name                                                                                                          ; Entity Name         ; Library Name ;
+--------------------------------------------+---------------------+---------------------------+-------------------+------------+------+--------------+------------------------------------------------------------------------------------------------------------------------------+---------------------+--------------+
; |stopwatch                                 ; 4386 (0)            ; 210 (0)                   ; 0                 ; 0          ; 47   ; 0            ; |stopwatch                                                                                                                   ; stopwatch           ; work         ;
;    |stopwatch_01:inst|                     ; 4386 (243)          ; 210 (210)                 ; 0                 ; 0          ; 0    ; 0            ; |stopwatch|stopwatch_01:inst                                                                                                 ; stopwatch_01        ; work         ;
;       |lpm_divide:Div0|                    ; 314 (0)             ; 0 (0)                     ; 0                 ; 0          ; 0    ; 0            ; |stopwatch|stopwatch_01:inst|lpm_divide:Div0                                                                                 ; lpm_divide          ; work         ;
;          |lpm_divide_ibm:auto_generated|   ; 314 (0)             ; 0 (0)                     ; 0                 ; 0          ; 0    ; 0            ; |stopwatch|stopwatch_01:inst|lpm_divide:Div0|lpm_divide_ibm:auto_generated                                                   ; lpm_divide_ibm      ; work         ;
;             |sign_div_unsign_olh:divider|  ; 314 (0)             ; 0 (0)                     ; 0                 ; 0          ; 0    ; 0            ; |stopwatch|stopwatch_01:inst|lpm_divide:Div0|lpm_divide_ibm:auto_generated|sign_div_unsign_olh:divider                       ; sign_div_unsign_olh ; work         ;
;                |alt_u_div_mve:divider|     ; 314 (314)           ; 0 (0)                     ; 0                 ; 0          ; 0    ; 0            ; |stopwatch|stopwatch_01:inst|lpm_divide:Div0|lpm_divide_ibm:auto_generated|sign_div_unsign_olh:divider|alt_u_div_mve:divider ; alt_u_div_mve       ; work         ;
;       |lpm_divide:Div1|                    ; 479 (0)             ; 0 (0)                     ; 0                 ; 0          ; 0    ; 0            ; |stopwatch|stopwatch_01:inst|lpm_divide:Div1                                                                                 ; lpm_divide          ; work         ;
;          |lpm_divide_lbm:auto_generated|   ; 479 (0)             ; 0 (0)                     ; 0                 ; 0          ; 0    ; 0            ; |stopwatch|stopwatch_01:inst|lpm_divide:Div1|lpm_divide_lbm:auto_generated                                                   ; lpm_divide_lbm      ; work         ;
;             |sign_div_unsign_rlh:divider|  ; 479 (0)             ; 0 (0)                     ; 0                 ; 0          ; 0    ; 0            ; |stopwatch|stopwatch_01:inst|lpm_divide:Div1|lpm_divide_lbm:auto_generated|sign_div_unsign_rlh:divider                       ; sign_div_unsign_rlh ; work         ;
;                |alt_u_div_sve:divider|     ; 479 (479)           ; 0 (0)                     ; 0                 ; 0          ; 0    ; 0            ; |stopwatch|stopwatch_01:inst|lpm_divide:Div1|lpm_divide_lbm:auto_generated|sign_div_unsign_rlh:divider|alt_u_div_sve:divider ; alt_u_div_sve       ; work         ;
;       |lpm_divide:Div2|                    ; 581 (0)             ; 0 (0)                     ; 0                 ; 0          ; 0    ; 0            ; |stopwatch|stopwatch_01:inst|lpm_divide:Div2                                                                                 ; lpm_divide          ; work         ;
;          |lpm_divide_vcm:auto_generated|   ; 581 (0)             ; 0 (0)                     ; 0                 ; 0          ; 0    ; 0            ; |stopwatch|stopwatch_01:inst|lpm_divide:Div2|lpm_divide_vcm:auto_generated                                                   ; lpm_divide_vcm      ; work         ;
;             |sign_div_unsign_5nh:divider|  ; 581 (0)             ; 0 (0)                     ; 0                 ; 0          ; 0    ; 0            ; |stopwatch|stopwatch_01:inst|lpm_divide:Div2|lpm_divide_vcm:auto_generated|sign_div_unsign_5nh:divider                       ; sign_div_unsign_5nh ; work         ;
;                |alt_u_div_g2f:divider|     ; 581 (581)           ; 0 (0)                     ; 0                 ; 0          ; 0    ; 0            ; |stopwatch|stopwatch_01:inst|lpm_divide:Div2|lpm_divide_vcm:auto_generated|sign_div_unsign_5nh:divider|alt_u_div_g2f:divider ; alt_u_div_g2f       ; work         ;
;       |lpm_divide:Div3|                    ; 653 (0)             ; 0 (0)                     ; 0                 ; 0          ; 0    ; 0            ; |stopwatch|stopwatch_01:inst|lpm_divide:Div3                                                                                 ; lpm_divide          ; work         ;
;          |lpm_divide_2dm:auto_generated|   ; 653 (0)             ; 0 (0)                     ; 0                 ; 0          ; 0    ; 0            ; |stopwatch|stopwatch_01:inst|lpm_divide:Div3|lpm_divide_2dm:auto_generated                                                   ; lpm_divide_2dm      ; work         ;
;             |sign_div_unsign_8nh:divider|  ; 653 (0)             ; 0 (0)                     ; 0                 ; 0          ; 0    ; 0            ; |stopwatch|stopwatch_01:inst|lpm_divide:Div3|lpm_divide_2dm:auto_generated|sign_div_unsign_8nh:divider                       ; sign_div_unsign_8nh ; work         ;
;                |alt_u_div_m2f:divider|     ; 653 (653)           ; 0 (0)                     ; 0                 ; 0          ; 0    ; 0            ; |stopwatch|stopwatch_01:inst|lpm_divide:Div3|lpm_divide_2dm:auto_generated|sign_div_unsign_8nh:divider|alt_u_div_m2f:divider ; alt_u_div_m2f       ; work         ;
;       |lpm_divide:Div4|                    ; 668 (0)             ; 0 (0)                     ; 0                 ; 0          ; 0    ; 0            ; |stopwatch|stopwatch_01:inst|lpm_divide:Div4                                                                                 ; lpm_divide          ; work         ;
;          |lpm_divide_5dm:auto_generated|   ; 668 (0)             ; 0 (0)                     ; 0                 ; 0          ; 0    ; 0            ; |stopwatch|stopwatch_01:inst|lpm_divide:Div4|lpm_divide_5dm:auto_generated                                                   ; lpm_divide_5dm      ; work         ;
;             |sign_div_unsign_bnh:divider|  ; 668 (0)             ; 0 (0)                     ; 0                 ; 0          ; 0    ; 0            ; |stopwatch|stopwatch_01:inst|lpm_divide:Div4|lpm_divide_5dm:auto_generated|sign_div_unsign_bnh:divider                       ; sign_div_unsign_bnh ; work         ;
;                |alt_u_div_s2f:divider|     ; 668 (668)           ; 0 (0)                     ; 0                 ; 0          ; 0    ; 0            ; |stopwatch|stopwatch_01:inst|lpm_divide:Div4|lpm_divide_5dm:auto_generated|sign_div_unsign_bnh:divider|alt_u_div_s2f:divider ; alt_u_div_s2f       ; work         ;
;       |lpm_divide:Mod0|                    ; 318 (0)             ; 0 (0)                     ; 0                 ; 0          ; 0    ; 0            ; |stopwatch|stopwatch_01:inst|lpm_divide:Mod0                                                                                 ; lpm_divide          ; work         ;
;          |lpm_divide_l3m:auto_generated|   ; 318 (0)             ; 0 (0)                     ; 0                 ; 0          ; 0    ; 0            ; |stopwatch|stopwatch_01:inst|lpm_divide:Mod0|lpm_divide_l3m:auto_generated                                                   ; lpm_divide_l3m      ; work         ;
;             |sign_div_unsign_olh:divider|  ; 318 (0)             ; 0 (0)                     ; 0                 ; 0          ; 0    ; 0            ; |stopwatch|stopwatch_01:inst|lpm_divide:Mod0|lpm_divide_l3m:auto_generated|sign_div_unsign_olh:divider                       ; sign_div_unsign_olh ; work         ;
;                |alt_u_div_mve:divider|     ; 318 (318)           ; 0 (0)                     ; 0                 ; 0          ; 0    ; 0            ; |stopwatch|stopwatch_01:inst|lpm_divide:Mod0|lpm_divide_l3m:auto_generated|sign_div_unsign_olh:divider|alt_u_div_mve:divider ; alt_u_div_mve       ; work         ;
;       |lpm_divide:Mod1|                    ; 302 (0)             ; 0 (0)                     ; 0                 ; 0          ; 0    ; 0            ; |stopwatch|stopwatch_01:inst|lpm_divide:Mod1                                                                                 ; lpm_divide          ; work         ;
;          |lpm_divide_l3m:auto_generated|   ; 302 (0)             ; 0 (0)                     ; 0                 ; 0          ; 0    ; 0            ; |stopwatch|stopwatch_01:inst|lpm_divide:Mod1|lpm_divide_l3m:auto_generated                                                   ; lpm_divide_l3m      ; work         ;
;             |sign_div_unsign_olh:divider|  ; 302 (0)             ; 0 (0)                     ; 0                 ; 0          ; 0    ; 0            ; |stopwatch|stopwatch_01:inst|lpm_divide:Mod1|lpm_divide_l3m:auto_generated|sign_div_unsign_olh:divider                       ; sign_div_unsign_olh ; work         ;
;                |alt_u_div_mve:divider|     ; 302 (302)           ; 0 (0)                     ; 0                 ; 0          ; 0    ; 0            ; |stopwatch|stopwatch_01:inst|lpm_divide:Mod1|lpm_divide_l3m:auto_generated|sign_div_unsign_olh:divider|alt_u_div_mve:divider ; alt_u_div_mve       ; work         ;
;       |lpm_divide:Mod2|                    ; 269 (0)             ; 0 (0)                     ; 0                 ; 0          ; 0    ; 0            ; |stopwatch|stopwatch_01:inst|lpm_divide:Mod2                                                                                 ; lpm_divide          ; work         ;
;          |lpm_divide_l3m:auto_generated|   ; 269 (0)             ; 0 (0)                     ; 0                 ; 0          ; 0    ; 0            ; |stopwatch|stopwatch_01:inst|lpm_divide:Mod2|lpm_divide_l3m:auto_generated                                                   ; lpm_divide_l3m      ; work         ;
;             |sign_div_unsign_olh:divider|  ; 269 (0)             ; 0 (0)                     ; 0                 ; 0          ; 0    ; 0            ; |stopwatch|stopwatch_01:inst|lpm_divide:Mod2|lpm_divide_l3m:auto_generated|sign_div_unsign_olh:divider                       ; sign_div_unsign_olh ; work         ;
;                |alt_u_div_mve:divider|     ; 269 (269)           ; 0 (0)                     ; 0                 ; 0          ; 0    ; 0            ; |stopwatch|stopwatch_01:inst|lpm_divide:Mod2|lpm_divide_l3m:auto_generated|sign_div_unsign_olh:divider|alt_u_div_mve:divider ; alt_u_div_mve       ; work         ;
;       |lpm_divide:Mod3|                    ; 184 (0)             ; 0 (0)                     ; 0                 ; 0          ; 0    ; 0            ; |stopwatch|stopwatch_01:inst|lpm_divide:Mod3                                                                                 ; lpm_divide          ; work         ;
;          |lpm_divide_k3m:auto_generated|   ; 184 (0)             ; 0 (0)                     ; 0                 ; 0          ; 0    ; 0            ; |stopwatch|stopwatch_01:inst|lpm_divide:Mod3|lpm_divide_k3m:auto_generated                                                   ; lpm_divide_k3m      ; work         ;
;             |sign_div_unsign_nlh:divider|  ; 184 (0)             ; 0 (0)                     ; 0                 ; 0          ; 0    ; 0            ; |stopwatch|stopwatch_01:inst|lpm_divide:Mod3|lpm_divide_k3m:auto_generated|sign_div_unsign_nlh:divider                       ; sign_div_unsign_nlh ; work         ;
;                |alt_u_div_kve:divider|     ; 184 (184)           ; 0 (0)                     ; 0                 ; 0          ; 0    ; 0            ; |stopwatch|stopwatch_01:inst|lpm_divide:Mod3|lpm_divide_k3m:auto_generated|sign_div_unsign_nlh:divider|alt_u_div_kve:divider ; alt_u_div_kve       ; work         ;
;       |lpm_divide:Mod4|                    ; 203 (0)             ; 0 (0)                     ; 0                 ; 0          ; 0    ; 0            ; |stopwatch|stopwatch_01:inst|lpm_divide:Mod4                                                                                 ; lpm_divide          ; work         ;
;          |lpm_divide_l3m:auto_generated|   ; 203 (0)             ; 0 (0)                     ; 0                 ; 0          ; 0    ; 0            ; |stopwatch|stopwatch_01:inst|lpm_divide:Mod4|lpm_divide_l3m:auto_generated                                                   ; lpm_divide_l3m      ; work         ;
;             |sign_div_unsign_olh:divider|  ; 203 (0)             ; 0 (0)                     ; 0                 ; 0          ; 0    ; 0            ; |stopwatch|stopwatch_01:inst|lpm_divide:Mod4|lpm_divide_l3m:auto_generated|sign_div_unsign_olh:divider                       ; sign_div_unsign_olh ; work         ;
;                |alt_u_div_mve:divider|     ; 203 (203)           ; 0 (0)                     ; 0                 ; 0          ; 0    ; 0            ; |stopwatch|stopwatch_01:inst|lpm_divide:Mod4|lpm_divide_l3m:auto_generated|sign_div_unsign_olh:divider|alt_u_div_mve:divider ; alt_u_div_mve       ; work         ;
;       |lpm_divide:Mod5|                    ; 130 (0)             ; 0 (0)                     ; 0                 ; 0          ; 0    ; 0            ; |stopwatch|stopwatch_01:inst|lpm_divide:Mod5                                                                                 ; lpm_divide          ; work         ;
;          |lpm_divide_k3m:auto_generated|   ; 130 (0)             ; 0 (0)                     ; 0                 ; 0          ; 0    ; 0            ; |stopwatch|stopwatch_01:inst|lpm_divide:Mod5|lpm_divide_k3m:auto_generated                                                   ; lpm_divide_k3m      ; work         ;
;             |sign_div_unsign_nlh:divider|  ; 130 (0)             ; 0 (0)                     ; 0                 ; 0          ; 0    ; 0            ; |stopwatch|stopwatch_01:inst|lpm_divide:Mod5|lpm_divide_k3m:auto_generated|sign_div_unsign_nlh:divider                       ; sign_div_unsign_nlh ; work         ;
;                |alt_u_div_kve:divider|     ; 130 (130)           ; 0 (0)                     ; 0                 ; 0          ; 0    ; 0            ; |stopwatch|stopwatch_01:inst|lpm_divide:Mod5|lpm_divide_k3m:auto_generated|sign_div_unsign_nlh:divider|alt_u_div_kve:divider ; alt_u_div_kve       ; work         ;
;       |sevenseg:LED8_minute_display_high|  ; 7 (7)               ; 0 (0)                     ; 0                 ; 0          ; 0    ; 0            ; |stopwatch|stopwatch_01:inst|sevenseg:LED8_minute_display_high                                                               ; sevenseg            ; work         ;
;       |sevenseg:LED8_minute_display_low|   ; 7 (7)               ; 0 (0)                     ; 0                 ; 0          ; 0    ; 0            ; |stopwatch|stopwatch_01:inst|sevenseg:LED8_minute_display_low                                                                ; sevenseg            ; work         ;
;       |sevenseg:LED8_msecond_display_high| ; 7 (7)               ; 0 (0)                     ; 0                 ; 0          ; 0    ; 0            ; |stopwatch|stopwatch_01:inst|sevenseg:LED8_msecond_display_high                                                              ; sevenseg            ; work         ;
;       |sevenseg:LED8_msecond_display_low|  ; 7 (7)               ; 0 (0)                     ; 0                 ; 0          ; 0    ; 0            ; |stopwatch|stopwatch_01:inst|sevenseg:LED8_msecond_display_low                                                               ; sevenseg            ; work         ;
;       |sevenseg:LED8_second_display_high|  ; 7 (7)               ; 0 (0)                     ; 0                 ; 0          ; 0    ; 0            ; |stopwatch|stopwatch_01:inst|sevenseg:LED8_second_display_high                                                               ; sevenseg            ; work         ;
;       |sevenseg:LED8_second_display_low|   ; 7 (7)               ; 0 (0)                     ; 0                 ; 0          ; 0    ; 0            ; |stopwatch|stopwatch_01:inst|sevenseg:LED8_second_display_low                                                                ; sevenseg            ; work         ;
+--------------------------------------------+---------------------+---------------------------+-------------------+------------+------+--------------+------------------------------------------------------------------------------------------------------------------------------+---------------------+--------------+
Note: For table entries with two numbers listed, the numbers in parentheses indicate the number of resources of the given type used by the specific entity alone. The numbers listed outside of parentheses indicate the total resources of the given type used by the specific entity and all of its sub-entities in the hierarchy.


+-------------------------------------------------------------------------------------------------+
; Registers Removed During Synthesis                                                              ;
+------------------------------------------+------------------------------------------------------+
; Register name                            ; Reason for Removal                                   ;
+------------------------------------------+------------------------------------------------------+
; stopwatch_01:inst|second_display_high[3] ; Merged with stopwatch_01:inst|minute_display_high[3] ;
; stopwatch_01:inst|second_counter_high[3] ; Merged with stopwatch_01:inst|minute_counter_high[3] ;
; stopwatch_01:inst|minute_counter_high[3] ; Stuck at GND due to stuck port data_in               ;
; stopwatch_01:inst|minute_display_high[3] ; Stuck at GND due to stuck port data_in               ;
; Total Number of Removed Registers = 4    ;                                                      ;
+------------------------------------------+------------------------------------------------------+


+-----------------------------------------------------------------------------------------------------------------+
; Removed Registers Triggering Further Register Optimizations                                                     ;
+------------------------------------------+---------------------------+------------------------------------------+
; Register name                            ; Reason for Removal        ; Registers Removed due to This Register   ;
+------------------------------------------+---------------------------+------------------------------------------+
; stopwatch_01:inst|minute_counter_high[3] ; Stuck at GND              ; stopwatch_01:inst|minute_display_high[3] ;
;                                          ; due to stuck port data_in ;                                          ;
+------------------------------------------+---------------------------+------------------------------------------+


+------------------------------------------------------+
; General Register Statistics                          ;
+----------------------------------------------+-------+
; Statistic                                    ; Value ;
+----------------------------------------------+-------+
; Total registers                              ; 210   ;
; Number of registers using Synchronous Clear  ; 182   ;
; Number of registers using Synchronous Load   ; 0     ;
; Number of registers using Asynchronous Clear ; 0     ;
; Number of registers using Asynchronous Load  ; 0     ;
; Number of registers using Clock Enable       ; 44    ;
; Number of registers using Preset             ; 0     ;
+----------------------------------------------+-------+


+--------------------------------------------------+
; Inverted Register Statistics                     ;
+----------------------------------------+---------+
; Inverted Register                      ; Fan out ;
+----------------------------------------+---------+
; stopwatch_01:inst|led0                 ; 1       ;
; stopwatch_01:inst|display              ; 2       ;
; stopwatch_01:inst|start                ; 3       ;
; Total number of inverted registers = 3 ;         ;
+----------------------------------------+---------+


+--------------------------------------------------------------------------------------------------------------------------------------------------------------------+
; Multiplexer Restructuring Statistics (Restructuring Performed)                                                                                                     ;
+--------------------+-----------+---------------+----------------------+------------------------+------------+------------------------------------------------------+
; Multiplexer Inputs ; Bus Width ; Baseline Area ; Area if Restructured ; Saving if Restructured ; Registered ; Example Multiplexer Output                           ;
+--------------------+-----------+---------------+----------------------+------------------------+------------+------------------------------------------------------+
; 3:1                ; 32 bits   ; 64 LEs        ; 0 LEs                ; 64 LEs                 ; Yes        ; |stopwatch|stopwatch_01:inst|counter_50M[3]          ;
; 3:1                ; 22 bits   ; 44 LEs        ; 0 LEs                ; 44 LEs                 ; Yes        ; |stopwatch|stopwatch_01:inst|msecond_counter_high[1] ;
+--------------------+-----------+---------------+----------------------+------------------------+------------+------------------------------------------------------+


+----------------------------------------------------------------+
; Parameter Settings for User Entity Instance: stopwatch_01:inst ;
+----------------+----------+------------------------------------+
; Parameter Name ; Value    ; Type                               ;
+----------------+----------+------------------------------------+
; DELAY_TIME     ; 10000000 ; Signed Integer                     ;
+----------------+----------+------------------------------------+
Note: In order to hide this table in the UI and the text report file, please set the "Show Parameter Settings in Synthesis Report" option in "Analysis and Synthesis Settings -> More Settings" to "Off".


+------------------------------------------------------------------------------------+
; Parameter Settings for Inferred Entity Instance: stopwatch_01:inst|lpm_divide:Mod0 ;
+------------------------+----------------+------------------------------------------+
; Parameter Name         ; Value          ; Type                                     ;
+------------------------+----------------+------------------------------------------+
; LPM_WIDTHN             ; 32             ; Untyped                                  ;
; LPM_WIDTHD             ; 4              ; Untyped                                  ;
; LPM_NREPRESENTATION    ; UNSIGNED       ; Untyped                                  ;
; LPM_DREPRESENTATION    ; UNSIGNED       ; Untyped                                  ;
; LPM_PIPELINE           ; 0              ; Untyped                                  ;
; LPM_REMAINDERPOSITIVE  ; TRUE           ; Untyped                                  ;
; MAXIMIZE_SPEED         ; 5              ; Untyped                                  ;
; CBXI_PARAMETER         ; lpm_divide_l3m ; Untyped                                  ;
; CARRY_CHAIN            ; MANUAL         ; Untyped                                  ;
; OPTIMIZE_FOR_SPEED     ; 5              ; Untyped                                  ;
; AUTO_CARRY_CHAINS      ; ON             ; AUTO_CARRY                               ;
; IGNORE_CARRY_BUFFERS   ; OFF            ; IGNORE_CARRY                             ;
; AUTO_CASCADE_CHAINS    ; ON             ; AUTO_CASCADE                             ;
; IGNORE_CASCADE_BUFFERS ; OFF            ; IGNORE_CASCADE                           ;
+------------------------+----------------+------------------------------------------+
Note: In order to hide this table in the UI and the text report file, please set the "Show Parameter Settings in Synthesis Report" option in "Analysis and Synthesis Settings -> More Settings" to "Off".


+------------------------------------------------------------------------------------+
; Parameter Settings for Inferred Entity Instance: stopwatch_01:inst|lpm_divide:Div0 ;
+------------------------+----------------+------------------------------------------+
; Parameter Name         ; Value          ; Type                                     ;
+------------------------+----------------+------------------------------------------+
; LPM_WIDTHN             ; 32             ; Untyped                                  ;
; LPM_WIDTHD             ; 4              ; Untyped                                  ;
; LPM_NREPRESENTATION    ; UNSIGNED       ; Untyped                                  ;
; LPM_DREPRESENTATION    ; UNSIGNED       ; Untyped                                  ;
; LPM_PIPELINE           ; 0              ; Untyped                                  ;
; LPM_REMAINDERPOSITIVE  ; TRUE           ; Untyped                                  ;
; MAXIMIZE_SPEED         ; 5              ; Untyped                                  ;
; CBXI_PARAMETER         ; lpm_divide_ibm ; Untyped                                  ;
; CARRY_CHAIN            ; MANUAL         ; Untyped                                  ;
; OPTIMIZE_FOR_SPEED     ; 5              ; Untyped                                  ;
; AUTO_CARRY_CHAINS      ; ON             ; AUTO_CARRY                               ;
; IGNORE_CARRY_BUFFERS   ; OFF            ; IGNORE_CARRY                             ;
; AUTO_CASCADE_CHAINS    ; ON             ; AUTO_CASCADE                             ;
; IGNORE_CASCADE_BUFFERS ; OFF            ; IGNORE_CASCADE                           ;
+------------------------+----------------+------------------------------------------+
Note: In order to hide this table in the UI and the text report file, please set the "Show Parameter Settings in Synthesis Report" option in "Analysis and Synthesis Settings -> More Settings" to "Off".


+------------------------------------------------------------------------------------+
; Parameter Settings for Inferred Entity Instance: stopwatch_01:inst|lpm_divide:Mod1 ;
+------------------------+----------------+------------------------------------------+
; Parameter Name         ; Value          ; Type                                     ;
+------------------------+----------------+------------------------------------------+
; LPM_WIDTHN             ; 32             ; Untyped                                  ;
; LPM_WIDTHD             ; 4              ; Untyped                                  ;
; LPM_NREPRESENTATION    ; UNSIGNED       ; Untyped                                  ;
; LPM_DREPRESENTATION    ; UNSIGNED       ; Untyped                                  ;
; LPM_PIPELINE           ; 0              ; Untyped                                  ;
; LPM_REMAINDERPOSITIVE  ; TRUE           ; Untyped                                  ;
; MAXIMIZE_SPEED         ; 5              ; Untyped                                  ;
; CBXI_PARAMETER         ; lpm_divide_l3m ; Untyped                                  ;
; CARRY_CHAIN            ; MANUAL         ; Untyped                                  ;
; OPTIMIZE_FOR_SPEED     ; 5              ; Untyped                                  ;
; AUTO_CARRY_CHAINS      ; ON             ; AUTO_CARRY                               ;
; IGNORE_CARRY_BUFFERS   ; OFF            ; IGNORE_CARRY                             ;
; AUTO_CASCADE_CHAINS    ; ON             ; AUTO_CASCADE                             ;
; IGNORE_CASCADE_BUFFERS ; OFF            ; IGNORE_CASCADE                           ;
+------------------------+----------------+------------------------------------------+
Note: In order to hide this table in the UI and the text report file, please set the "Show Parameter Settings in Synthesis Report" option in "Analysis and Synthesis Settings -> More Settings" to "Off".


+------------------------------------------------------------------------------------+
; Parameter Settings for Inferred Entity Instance: stopwatch_01:inst|lpm_divide:Div1 ;
+------------------------+----------------+------------------------------------------+
; Parameter Name         ; Value          ; Type                                     ;
+------------------------+----------------+------------------------------------------+
; LPM_WIDTHN             ; 32             ; Untyped                                  ;
; LPM_WIDTHD             ; 7              ; Untyped                                  ;
; LPM_NREPRESENTATION    ; UNSIGNED       ; Untyped                                  ;
; LPM_DREPRESENTATION    ; UNSIGNED       ; Untyped                                  ;
; LPM_PIPELINE           ; 0              ; Untyped                                  ;
; LPM_REMAINDERPOSITIVE  ; TRUE           ; Untyped                                  ;
; MAXIMIZE_SPEED         ; 5              ; Untyped                                  ;
; CBXI_PARAMETER         ; lpm_divide_lbm ; Untyped                                  ;
; CARRY_CHAIN            ; MANUAL         ; Untyped                                  ;
; OPTIMIZE_FOR_SPEED     ; 5              ; Untyped                                  ;
; AUTO_CARRY_CHAINS      ; ON             ; AUTO_CARRY                               ;
; IGNORE_CARRY_BUFFERS   ; OFF            ; IGNORE_CARRY                             ;
; AUTO_CASCADE_CHAINS    ; ON             ; AUTO_CASCADE                             ;
; IGNORE_CASCADE_BUFFERS ; OFF            ; IGNORE_CASCADE                           ;
+------------------------+----------------+------------------------------------------+
Note: In order to hide this table in the UI and the text report file, please set the "Show Parameter Settings in Synthesis Report" option in "Analysis and Synthesis Settings -> More Settings" to "Off".


+------------------------------------------------------------------------------------+
; Parameter Settings for Inferred Entity Instance: stopwatch_01:inst|lpm_divide:Mod2 ;
+------------------------+----------------+------------------------------------------+
; Parameter Name         ; Value          ; Type                                     ;
+------------------------+----------------+------------------------------------------+
; LPM_WIDTHN             ; 32             ; Untyped                                  ;
; LPM_WIDTHD             ; 4              ; Untyped                                  ;
; LPM_NREPRESENTATION    ; UNSIGNED       ; Untyped                                  ;
; LPM_DREPRESENTATION    ; UNSIGNED       ; Untyped                                  ;
; LPM_PIPELINE           ; 0              ; Untyped                                  ;
; LPM_REMAINDERPOSITIVE  ; TRUE           ; Untyped                                  ;
; MAXIMIZE_SPEED         ; 5              ; Untyped                                  ;
; CBXI_PARAMETER         ; lpm_divide_l3m ; Untyped                                  ;
; CARRY_CHAIN            ; MANUAL         ; Untyped                                  ;
; OPTIMIZE_FOR_SPEED     ; 5              ; Untyped                                  ;
; AUTO_CARRY_CHAINS      ; ON             ; AUTO_CARRY                               ;
; IGNORE_CARRY_BUFFERS   ; OFF            ; IGNORE_CARRY                             ;
; AUTO_CASCADE_CHAINS    ; ON             ; AUTO_CASCADE                             ;
; IGNORE_CASCADE_BUFFERS ; OFF            ; IGNORE_CASCADE                           ;
+------------------------+----------------+------------------------------------------+
Note: In order to hide this table in the UI and the text report file, please set the "Show Parameter Settings in Synthesis Report" option in "Analysis and Synthesis Settings -> More Settings" to "Off".


+------------------------------------------------------------------------------------+
; Parameter Settings for Inferred Entity Instance: stopwatch_01:inst|lpm_divide:Div2 ;
+------------------------+----------------+------------------------------------------+
; Parameter Name         ; Value          ; Type                                     ;
+------------------------+----------------+------------------------------------------+
; LPM_WIDTHN             ; 32             ; Untyped                                  ;
; LPM_WIDTHD             ; 10             ; Untyped                                  ;
; LPM_NREPRESENTATION    ; UNSIGNED       ; Untyped                                  ;
; LPM_DREPRESENTATION    ; UNSIGNED       ; Untyped                                  ;
; LPM_PIPELINE           ; 0              ; Untyped                                  ;
; LPM_REMAINDERPOSITIVE  ; TRUE           ; Untyped                                  ;
; MAXIMIZE_SPEED         ; 5              ; Untyped                                  ;
; CBXI_PARAMETER         ; lpm_divide_vcm ; Untyped                                  ;
; CARRY_CHAIN            ; MANUAL         ; Untyped                                  ;
; OPTIMIZE_FOR_SPEED     ; 5              ; Untyped                                  ;
; AUTO_CARRY_CHAINS      ; ON             ; AUTO_CARRY                               ;
; IGNORE_CARRY_BUFFERS   ; OFF            ; IGNORE_CARRY                             ;
; AUTO_CASCADE_CHAINS    ; ON             ; AUTO_CASCADE                             ;
; IGNORE_CASCADE_BUFFERS ; OFF            ; IGNORE_CASCADE                           ;
+------------------------+----------------+------------------------------------------+
Note: In order to hide this table in the UI and the text report file, please set the "Show Parameter Settings in Synthesis Report" option in "Analysis and Synthesis Settings -> More Settings" to "Off".


+------------------------------------------------------------------------------------+
; Parameter Settings for Inferred Entity Instance: stopwatch_01:inst|lpm_divide:Mod3 ;
+------------------------+----------------+------------------------------------------+
; Parameter Name         ; Value          ; Type                                     ;
+------------------------+----------------+------------------------------------------+
; LPM_WIDTHN             ; 32             ; Untyped                                  ;
; LPM_WIDTHD             ; 3              ; Untyped                                  ;
; LPM_NREPRESENTATION    ; UNSIGNED       ; Untyped                                  ;
; LPM_DREPRESENTATION    ; UNSIGNED       ; Untyped                                  ;
; LPM_PIPELINE           ; 0              ; Untyped                                  ;
; LPM_REMAINDERPOSITIVE  ; TRUE           ; Untyped                                  ;
; MAXIMIZE_SPEED         ; 5              ; Untyped                                  ;
; CBXI_PARAMETER         ; lpm_divide_k3m ; Untyped                                  ;
; CARRY_CHAIN            ; MANUAL         ; Untyped                                  ;
; OPTIMIZE_FOR_SPEED     ; 5              ; Untyped                                  ;
; AUTO_CARRY_CHAINS      ; ON             ; AUTO_CARRY                               ;
; IGNORE_CARRY_BUFFERS   ; OFF            ; IGNORE_CARRY                             ;
; AUTO_CASCADE_CHAINS    ; ON             ; AUTO_CASCADE                             ;
; IGNORE_CASCADE_BUFFERS ; OFF            ; IGNORE_CASCADE                           ;
+------------------------+----------------+------------------------------------------+
Note: In order to hide this table in the UI and the text report file, please set the "Show Parameter Settings in Synthesis Report" option in "Analysis and Synthesis Settings -> More Settings" to "Off".


+------------------------------------------------------------------------------------+
; Parameter Settings for Inferred Entity Instance: stopwatch_01:inst|lpm_divide:Div3 ;
+------------------------+----------------+------------------------------------------+
; Parameter Name         ; Value          ; Type                                     ;
+------------------------+----------------+------------------------------------------+
; LPM_WIDTHN             ; 32             ; Untyped                                  ;
; LPM_WIDTHD             ; 13             ; Untyped                                  ;
; LPM_NREPRESENTATION    ; UNSIGNED       ; Untyped                                  ;
; LPM_DREPRESENTATION    ; UNSIGNED       ; Untyped                                  ;
; LPM_PIPELINE           ; 0              ; Untyped                                  ;
; LPM_REMAINDERPOSITIVE  ; TRUE           ; Untyped                                  ;
; MAXIMIZE_SPEED         ; 5              ; Untyped                                  ;
; CBXI_PARAMETER         ; lpm_divide_2dm ; Untyped                                  ;
; CARRY_CHAIN            ; MANUAL         ; Untyped                                  ;
; OPTIMIZE_FOR_SPEED     ; 5              ; Untyped                                  ;
; AUTO_CARRY_CHAINS      ; ON             ; AUTO_CARRY                               ;
; IGNORE_CARRY_BUFFERS   ; OFF            ; IGNORE_CARRY                             ;
; AUTO_CASCADE_CHAINS    ; ON             ; AUTO_CASCADE                             ;
; IGNORE_CASCADE_BUFFERS ; OFF            ; IGNORE_CASCADE                           ;
+------------------------+----------------+------------------------------------------+
Note: In order to hide this table in the UI and the text report file, please set the "Show Parameter Settings in Synthesis Report" option in "Analysis and Synthesis Settings -> More Settings" to "Off".


+------------------------------------------------------------------------------------+
; Parameter Settings for Inferred Entity Instance: stopwatch_01:inst|lpm_divide:Mod4 ;
+------------------------+----------------+------------------------------------------+
; Parameter Name         ; Value          ; Type                                     ;
+------------------------+----------------+------------------------------------------+
; LPM_WIDTHN             ; 32             ; Untyped                                  ;
; LPM_WIDTHD             ; 4              ; Untyped                                  ;
; LPM_NREPRESENTATION    ; UNSIGNED       ; Untyped                                  ;
; LPM_DREPRESENTATION    ; UNSIGNED       ; Untyped                                  ;
; LPM_PIPELINE           ; 0              ; Untyped                                  ;
; LPM_REMAINDERPOSITIVE  ; TRUE           ; Untyped                                  ;
; MAXIMIZE_SPEED         ; 5              ; Untyped                                  ;
; CBXI_PARAMETER         ; lpm_divide_l3m ; Untyped                                  ;
; CARRY_CHAIN            ; MANUAL         ; Untyped                                  ;
; OPTIMIZE_FOR_SPEED     ; 5              ; Untyped                                  ;
; AUTO_CARRY_CHAINS      ; ON             ; AUTO_CARRY                               ;
; IGNORE_CARRY_BUFFERS   ; OFF            ; IGNORE_CARRY                             ;
; AUTO_CASCADE_CHAINS    ; ON             ; AUTO_CASCADE                             ;
; IGNORE_CASCADE_BUFFERS ; OFF            ; IGNORE_CASCADE                           ;
+------------------------+----------------+------------------------------------------+
Note: In order to hide this table in the UI and the text report file, please set the "Show Parameter Settings in Synthesis Report" option in "Analysis and Synthesis Settings -> More Settings" to "Off".


+------------------------------------------------------------------------------------+
; Parameter Settings for Inferred Entity Instance: stopwatch_01:inst|lpm_divide:Div4 ;
+------------------------+----------------+------------------------------------------+
; Parameter Name         ; Value          ; Type                                     ;
+------------------------+----------------+------------------------------------------+
; LPM_WIDTHN             ; 32             ; Untyped                                  ;
; LPM_WIDTHD             ; 16             ; Untyped                                  ;
; LPM_NREPRESENTATION    ; UNSIGNED       ; Untyped                                  ;
; LPM_DREPRESENTATION    ; UNSIGNED       ; Untyped                                  ;
; LPM_PIPELINE           ; 0              ; Untyped                                  ;
; LPM_REMAINDERPOSITIVE  ; TRUE           ; Untyped                                  ;
; MAXIMIZE_SPEED         ; 5              ; Untyped                                  ;
; CBXI_PARAMETER         ; lpm_divide_5dm ; Untyped                                  ;
; CARRY_CHAIN            ; MANUAL         ; Untyped                                  ;
; OPTIMIZE_FOR_SPEED     ; 5              ; Untyped                                  ;
; AUTO_CARRY_CHAINS      ; ON             ; AUTO_CARRY                               ;
; IGNORE_CARRY_BUFFERS   ; OFF            ; IGNORE_CARRY                             ;
; AUTO_CASCADE_CHAINS    ; ON             ; AUTO_CASCADE                             ;
; IGNORE_CASCADE_BUFFERS ; OFF            ; IGNORE_CASCADE                           ;
+------------------------+----------------+------------------------------------------+
Note: In order to hide this table in the UI and the text report file, please set the "Show Parameter Settings in Synthesis Report" option in "Analysis and Synthesis Settings -> More Settings" to "Off".


+------------------------------------------------------------------------------------+
; Parameter Settings for Inferred Entity Instance: stopwatch_01:inst|lpm_divide:Mod5 ;
+------------------------+----------------+------------------------------------------+
; Parameter Name         ; Value          ; Type                                     ;
+------------------------+----------------+------------------------------------------+
; LPM_WIDTHN             ; 32             ; Untyped                                  ;
; LPM_WIDTHD             ; 3              ; Untyped                                  ;
; LPM_NREPRESENTATION    ; UNSIGNED       ; Untyped                                  ;
; LPM_DREPRESENTATION    ; UNSIGNED       ; Untyped                                  ;
; LPM_PIPELINE           ; 0              ; Untyped                                  ;
; LPM_REMAINDERPOSITIVE  ; TRUE           ; Untyped                                  ;
; MAXIMIZE_SPEED         ; 5              ; Untyped                                  ;
; CBXI_PARAMETER         ; lpm_divide_k3m ; Untyped                                  ;
; CARRY_CHAIN            ; MANUAL         ; Untyped                                  ;
; OPTIMIZE_FOR_SPEED     ; 5              ; Untyped                                  ;
; AUTO_CARRY_CHAINS      ; ON             ; AUTO_CARRY                               ;
; IGNORE_CARRY_BUFFERS   ; OFF            ; IGNORE_CARRY                             ;
; AUTO_CASCADE_CHAINS    ; ON             ; AUTO_CASCADE                             ;
; IGNORE_CASCADE_BUFFERS ; OFF            ; IGNORE_CASCADE                           ;
+------------------------+----------------+------------------------------------------+
Note: In order to hide this table in the UI and the text report file, please set the "Show Parameter Settings in Synthesis Report" option in "Analysis and Synthesis Settings -> More Settings" to "Off".


+-----------------------------------------------------+
; Post-Synthesis Netlist Statistics for Top Partition ;
+-----------------------+-----------------------------+
; Type                  ; Count                       ;
+-----------------------+-----------------------------+
; arriav_ff             ; 210                         ;
;     ENA               ; 22                          ;
;     ENA SCLR          ; 22                          ;
;     SCLR              ; 160                         ;
;     plain             ; 6                           ;
; arriav_lcell_comb     ; 4391                        ;
;     arith             ; 2449                        ;
;         0 data inputs ; 494                         ;
;         1 data inputs ; 262                         ;
;         2 data inputs ; 38                          ;
;         3 data inputs ; 1134                        ;
;         4 data inputs ; 521                         ;
;     normal            ; 1919                        ;
;         1 data inputs ; 6                           ;
;         2 data inputs ; 1061                        ;
;         3 data inputs ; 517                         ;
;         4 data inputs ; 267                         ;
;         5 data inputs ; 18                          ;
;         6 data inputs ; 50                          ;
;     shared            ; 23                          ;
;         0 data inputs ; 11                          ;
;         1 data inputs ; 12                          ;
; boundary_port         ; 47                          ;
;                       ;                             ;
; Max LUT depth         ; 55.50                       ;
; Average LUT depth     ; 46.15                       ;
+-----------------------+-----------------------------+


+-------------------------------+
; Elapsed Time Per Partition    ;
+----------------+--------------+
; Partition Name ; Elapsed Time ;
+----------------+--------------+
; Top            ; 00:00:03     ;
+----------------+--------------+


+-------------------------------+
; Analysis & Synthesis Messages ;
+-------------------------------+
Info: *******************************************************************
Info: Running Quartus Prime Analysis & Synthesis
    Info: Version 18.1.0 Build 625 09/12/2018 SJ Lite Edition
    Info: Processing started: Sat Nov 02 16:30:27 2019
Info: Command: quartus_map --read_settings_files=on --write_settings_files=off stopwatch -c stopwatch
Warning (18236): Number of processors has not been specified which may cause overloading on shared machines.  Set the global assignment NUM_PARALLEL_PROCESSORS in your QSF to an appropriate value for best performance.
Info (20030): Parallel compilation is enabled and will use 4 of the 4 processors detected
Info (12021): Found 1 design units, including 1 entities, in source file stopwatch.bdf
    Info (12023): Found entity 1: stopwatch
Info (12021): Found 1 design units, including 1 entities, in source file stopwatch_01.v
    Info (12023): Found entity 1: stopwatch_01 File: D:/ECD/Stopwatch/stopwatch_01.v Line: 10
Info (12021): Found 1 design units, including 1 entities, in source file sevenseg.v
    Info (12023): Found entity 1: sevenseg File: D:/ECD/Stopwatch/sevenseg.v Line: 3
Info (12021): Found 1 design units, including 1 entities, in source file clk.v
    Info (12023): Found entity 1: clk File: D:/ECD/Stopwatch/clk.v Line: 2
Warning (10227): Verilog HDL Port Declaration warning at sevenseg.v(6): data type declaration for "ledsegments" declares packed dimensions but the port declaration declaration does not File: D:/ECD/Stopwatch/sevenseg.v Line: 6
Info (10499): HDL info at sevenseg.v(5): see declaration for object "ledsegments" File: D:/ECD/Stopwatch/sevenseg.v Line: 5
Info (12127): Elaborating entity "stopwatch" for the top level hierarchy
Info (12128): Elaborating entity "stopwatch_01" for hierarchy "stopwatch_01:inst"
Warning (10230): Verilog HDL assignment warning at stopwatch_01.v(97): truncated value with size 32 to match size of target (4) File: D:/ECD/Stopwatch/stopwatch_01.v Line: 97
Warning (10230): Verilog HDL assignment warning at stopwatch_01.v(98): truncated value with size 32 to match size of target (4) File: D:/ECD/Stopwatch/stopwatch_01.v Line: 98
Warning (10230): Verilog HDL assignment warning at stopwatch_01.v(99): truncated value with size 32 to match size of target (4) File: D:/ECD/Stopwatch/stopwatch_01.v Line: 99
Warning (10230): Verilog HDL assignment warning at stopwatch_01.v(100): truncated value with size 32 to match size of target (4) File: D:/ECD/Stopwatch/stopwatch_01.v Line: 100
Warning (10230): Verilog HDL assignment warning at stopwatch_01.v(101): truncated value with size 32 to match size of target (4) File: D:/ECD/Stopwatch/stopwatch_01.v Line: 101
Warning (10230): Verilog HDL assignment warning at stopwatch_01.v(102): truncated value with size 32 to match size of target (4) File: D:/ECD/Stopwatch/stopwatch_01.v Line: 102
Warning (10034): Output port "led1" at stopwatch_01.v(18) has no driver File: D:/ECD/Stopwatch/stopwatch_01.v Line: 18
Warning (10034): Output port "led2" at stopwatch_01.v(18) has no driver File: D:/ECD/Stopwatch/stopwatch_01.v Line: 18
Warning (10034): Output port "led3" at stopwatch_01.v(18) has no driver File: D:/ECD/Stopwatch/stopwatch_01.v Line: 18
Info (12128): Elaborating entity "sevenseg" for hierarchy "stopwatch_01:inst|sevenseg:LED8_minute_display_high" File: D:/ECD/Stopwatch/stopwatch_01.v Line: 54
Info (278001): Inferred 11 megafunctions from design logic
    Info (278004): Inferred divider/modulo megafunction ("lpm_divide") from the following logic: "stopwatch_01:inst|Mod0" File: D:/ECD/Stopwatch/stopwatch_01.v Line: 97
    Info (278004): Inferred divider/modulo megafunction ("lpm_divide") from the following logic: "stopwatch_01:inst|Div0" File: D:/ECD/Stopwatch/stopwatch_01.v Line: 98
    Info (278004): Inferred divider/modulo megafunction ("lpm_divide") from the following logic: "stopwatch_01:inst|Mod1" File: D:/ECD/Stopwatch/stopwatch_01.v Line: 98
    Info (278004): Inferred divider/modulo megafunction ("lpm_divide") from the following logic: "stopwatch_01:inst|Div1" File: D:/ECD/Stopwatch/stopwatch_01.v Line: 99
    Info (278004): Inferred divider/modulo megafunction ("lpm_divide") from the following logic: "stopwatch_01:inst|Mod2" File: D:/ECD/Stopwatch/stopwatch_01.v Line: 99
    Info (278004): Inferred divider/modulo megafunction ("lpm_divide") from the following logic: "stopwatch_01:inst|Div2" File: D:/ECD/Stopwatch/stopwatch_01.v Line: 100
    Info (278004): Inferred divider/modulo megafunction ("lpm_divide") from the following logic: "stopwatch_01:inst|Mod3" File: D:/ECD/Stopwatch/stopwatch_01.v Line: 100
    Info (278004): Inferred divider/modulo megafunction ("lpm_divide") from the following logic: "stopwatch_01:inst|Div3" File: D:/ECD/Stopwatch/stopwatch_01.v Line: 101
    Info (278004): Inferred divider/modulo megafunction ("lpm_divide") from the following logic: "stopwatch_01:inst|Mod4" File: D:/ECD/Stopwatch/stopwatch_01.v Line: 101
    Info (278004): Inferred divider/modulo megafunction ("lpm_divide") from the following logic: "stopwatch_01:inst|Div4" File: D:/ECD/Stopwatch/stopwatch_01.v Line: 102
    Info (278004): Inferred divider/modulo megafunction ("lpm_divide") from the following logic: "stopwatch_01:inst|Mod5" File: D:/ECD/Stopwatch/stopwatch_01.v Line: 102
Info (12130): Elaborated megafunction instantiation "stopwatch_01:inst|lpm_divide:Mod0" File: D:/ECD/Stopwatch/stopwatch_01.v Line: 97
Info (12133): Instantiated megafunction "stopwatch_01:inst|lpm_divide:Mod0" with the following parameter: File: D:/ECD/Stopwatch/stopwatch_01.v Line: 97
    Info (12134): Parameter "LPM_WIDTHN" = "32"
    Info (12134): Parameter "LPM_WIDTHD" = "4"
    Info (12134): Parameter "LPM_NREPRESENTATION" = "UNSIGNED"
    Info (12134): Parameter "LPM_DREPRESENTATION" = "UNSIGNED"
Info (12021): Found 1 design units, including 1 entities, in source file db/lpm_divide_l3m.tdf
    Info (12023): Found entity 1: lpm_divide_l3m File: D:/ECD/Stopwatch/db/lpm_divide_l3m.tdf Line: 24
Info (12021): Found 1 design units, including 1 entities, in source file db/sign_div_unsign_olh.tdf
    Info (12023): Found entity 1: sign_div_unsign_olh File: D:/ECD/Stopwatch/db/sign_div_unsign_olh.tdf Line: 24
Info (12021): Found 1 design units, including 1 entities, in source file db/alt_u_div_mve.tdf
    Info (12023): Found entity 1: alt_u_div_mve File: D:/ECD/Stopwatch/db/alt_u_div_mve.tdf Line: 22
Info (12130): Elaborated megafunction instantiation "stopwatch_01:inst|lpm_divide:Div0" File: D:/ECD/Stopwatch/stopwatch_01.v Line: 98
Info (12133): Instantiated megafunction "stopwatch_01:inst|lpm_divide:Div0" with the following parameter: File: D:/ECD/Stopwatch/stopwatch_01.v Line: 98
    Info (12134): Parameter "LPM_WIDTHN" = "32"
    Info (12134): Parameter "LPM_WIDTHD" = "4"
    Info (12134): Parameter "LPM_NREPRESENTATION" = "UNSIGNED"
    Info (12134): Parameter "LPM_DREPRESENTATION" = "UNSIGNED"
Info (12021): Found 1 design units, including 1 entities, in source file db/lpm_divide_ibm.tdf
    Info (12023): Found entity 1: lpm_divide_ibm File: D:/ECD/Stopwatch/db/lpm_divide_ibm.tdf Line: 24
Info (12130): Elaborated megafunction instantiation "stopwatch_01:inst|lpm_divide:Div1" File: D:/ECD/Stopwatch/stopwatch_01.v Line: 99
Info (12133): Instantiated megafunction "stopwatch_01:inst|lpm_divide:Div1" with the following parameter: File: D:/ECD/Stopwatch/stopwatch_01.v Line: 99
    Info (12134): Parameter "LPM_WIDTHN" = "32"
    Info (12134): Parameter "LPM_WIDTHD" = "7"
    Info (12134): Parameter "LPM_NREPRESENTATION" = "UNSIGNED"
    Info (12134): Parameter "LPM_DREPRESENTATION" = "UNSIGNED"
Info (12021): Found 1 design units, including 1 entities, in source file db/lpm_divide_lbm.tdf
    Info (12023): Found entity 1: lpm_divide_lbm File: D:/ECD/Stopwatch/db/lpm_divide_lbm.tdf Line: 24
Info (12021): Found 1 design units, including 1 entities, in source file db/sign_div_unsign_rlh.tdf
    Info (12023): Found entity 1: sign_div_unsign_rlh File: D:/ECD/Stopwatch/db/sign_div_unsign_rlh.tdf Line: 24
Info (12021): Found 1 design units, including 1 entities, in source file db/alt_u_div_sve.tdf
    Info (12023): Found entity 1: alt_u_div_sve File: D:/ECD/Stopwatch/db/alt_u_div_sve.tdf Line: 22
Info (12130): Elaborated megafunction instantiation "stopwatch_01:inst|lpm_divide:Div2" File: D:/ECD/Stopwatch/stopwatch_01.v Line: 100
Info (12133): Instantiated megafunction "stopwatch_01:inst|lpm_divide:Div2" with the following parameter: File: D:/ECD/Stopwatch/stopwatch_01.v Line: 100
    Info (12134): Parameter "LPM_WIDTHN" = "32"
    Info (12134): Parameter "LPM_WIDTHD" = "10"
    Info (12134): Parameter "LPM_NREPRESENTATION" = "UNSIGNED"
    Info (12134): Parameter "LPM_DREPRESENTATION" = "UNSIGNED"
Info (12021): Found 1 design units, including 1 entities, in source file db/lpm_divide_vcm.tdf
    Info (12023): Found entity 1: lpm_divide_vcm File: D:/ECD/Stopwatch/db/lpm_divide_vcm.tdf Line: 24
Info (12021): Found 1 design units, including 1 entities, in source file db/sign_div_unsign_5nh.tdf
    Info (12023): Found entity 1: sign_div_unsign_5nh File: D:/ECD/Stopwatch/db/sign_div_unsign_5nh.tdf Line: 24
Info (12021): Found 1 design units, including 1 entities, in source file db/alt_u_div_g2f.tdf
    Info (12023): Found entity 1: alt_u_div_g2f File: D:/ECD/Stopwatch/db/alt_u_div_g2f.tdf Line: 22
Info (12130): Elaborated megafunction instantiation "stopwatch_01:inst|lpm_divide:Mod3" File: D:/ECD/Stopwatch/stopwatch_01.v Line: 100
Info (12133): Instantiated megafunction "stopwatch_01:inst|lpm_divide:Mod3" with the following parameter: File: D:/ECD/Stopwatch/stopwatch_01.v Line: 100
    Info (12134): Parameter "LPM_WIDTHN" = "32"
    Info (12134): Parameter "LPM_WIDTHD" = "3"
    Info (12134): Parameter "LPM_NREPRESENTATION" = "UNSIGNED"
    Info (12134): Parameter "LPM_DREPRESENTATION" = "UNSIGNED"
Info (12021): Found 1 design units, including 1 entities, in source file db/lpm_divide_k3m.tdf
    Info (12023): Found entity 1: lpm_divide_k3m File: D:/ECD/Stopwatch/db/lpm_divide_k3m.tdf Line: 24
Info (12021): Found 1 design units, including 1 entities, in source file db/sign_div_unsign_nlh.tdf
    Info (12023): Found entity 1: sign_div_unsign_nlh File: D:/ECD/Stopwatch/db/sign_div_unsign_nlh.tdf Line: 24
Info (12021): Found 1 design units, including 1 entities, in source file db/alt_u_div_kve.tdf
    Info (12023): Found entity 1: alt_u_div_kve File: D:/ECD/Stopwatch/db/alt_u_div_kve.tdf Line: 22
Info (12130): Elaborated megafunction instantiation "stopwatch_01:inst|lpm_divide:Div3" File: D:/ECD/Stopwatch/stopwatch_01.v Line: 101
Info (12133): Instantiated megafunction "stopwatch_01:inst|lpm_divide:Div3" with the following parameter: File: D:/ECD/Stopwatch/stopwatch_01.v Line: 101
    Info (12134): Parameter "LPM_WIDTHN" = "32"
    Info (12134): Parameter "LPM_WIDTHD" = "13"
    Info (12134): Parameter "LPM_NREPRESENTATION" = "UNSIGNED"
    Info (12134): Parameter "LPM_DREPRESENTATION" = "UNSIGNED"
Info (12021): Found 1 design units, including 1 entities, in source file db/lpm_divide_2dm.tdf
    Info (12023): Found entity 1: lpm_divide_2dm File: D:/ECD/Stopwatch/db/lpm_divide_2dm.tdf Line: 24
Info (12021): Found 1 design units, including 1 entities, in source file db/sign_div_unsign_8nh.tdf
    Info (12023): Found entity 1: sign_div_unsign_8nh File: D:/ECD/Stopwatch/db/sign_div_unsign_8nh.tdf Line: 24
Info (12021): Found 1 design units, including 1 entities, in source file db/alt_u_div_m2f.tdf
    Info (12023): Found entity 1: alt_u_div_m2f File: D:/ECD/Stopwatch/db/alt_u_div_m2f.tdf Line: 22
Info (12130): Elaborated megafunction instantiation "stopwatch_01:inst|lpm_divide:Div4" File: D:/ECD/Stopwatch/stopwatch_01.v Line: 102
Info (12133): Instantiated megafunction "stopwatch_01:inst|lpm_divide:Div4" with the following parameter: File: D:/ECD/Stopwatch/stopwatch_01.v Line: 102
    Info (12134): Parameter "LPM_WIDTHN" = "32"
    Info (12134): Parameter "LPM_WIDTHD" = "16"
    Info (12134): Parameter "LPM_NREPRESENTATION" = "UNSIGNED"
    Info (12134): Parameter "LPM_DREPRESENTATION" = "UNSIGNED"
Info (12021): Found 1 design units, including 1 entities, in source file db/lpm_divide_5dm.tdf
    Info (12023): Found entity 1: lpm_divide_5dm File: D:/ECD/Stopwatch/db/lpm_divide_5dm.tdf Line: 24
Info (12021): Found 1 design units, including 1 entities, in source file db/sign_div_unsign_bnh.tdf
    Info (12023): Found entity 1: sign_div_unsign_bnh File: D:/ECD/Stopwatch/db/sign_div_unsign_bnh.tdf Line: 24
Info (12021): Found 1 design units, including 1 entities, in source file db/alt_u_div_s2f.tdf
    Info (12023): Found entity 1: alt_u_div_s2f File: D:/ECD/Stopwatch/db/alt_u_div_s2f.tdf Line: 22
Info (286030): Timing-Driven Synthesis is running
Info (144001): Generated suppressed messages file D:/ECD/Stopwatch/output_files/stopwatch.map.smsg
Info (16010): Generating hard_block partition "hard_block:auto_generated_inst"
    Info (16011): Adding 0 node(s), including 0 DDIO, 0 PLL, 0 transceiver and 0 LCELL
Info (21057): Implemented 4618 device resources after synthesis - the final resource count might be different
    Info (21058): Implemented 4 input pins
    Info (21059): Implemented 43 output pins
    Info (21061): Implemented 4571 logic cells
Info: Quartus Prime Analysis & Synthesis was successful. 0 errors, 11 warnings
    Info: Peak virtual memory: 4898 megabytes
    Info: Processing ended: Sat Nov 02 16:30:44 2019
    Info: Elapsed time: 00:00:17
    Info: Total CPU time (on all processors): 00:00:26


+------------------------------------------+
; Analysis & Synthesis Suppressed Messages ;
+------------------------------------------+
The suppressed messages can be found in D:/ECD/Stopwatch/output_files/stopwatch.map.smsg.


